<?xml version="1.0" encoding="UTF-8"?>
<!-- Generated by org.testng.reporters.JUnitReportReporter -->
<testsuite hostname="HomePC" name="com.demo.learning.annotations" tests="2" failures="0" timestamp="12 Feb 2019 18:09:52 GMT" time="0.011" errors="0">
  <testcase name="test2" time="0.002" classname="com.demo.learning.annotations"/>
  <testcase name="test1" time="0.009" classname="com.demo.learning.annotations"/>
</testsuite> <!-- com.demo.learning.annotations -->
