<?xml version="1.0" encoding="UTF-8"?>
<!-- Generated by org.testng.reporters.JUnitReportReporter -->
<testsuite hostname="HomePC" name="com.demo.learning.invokebrowser" tests="1" failures="0" timestamp="10 Feb 2019 03:34:47 GMT" time="29.413" errors="0">
  <testcase name="test" time="29.413" classname="com.demo.learning.invokebrowser"/>
</testsuite> <!-- com.demo.learning.invokebrowser -->
