<?xml version="1.0" encoding="UTF-8"?>
<!-- Generated by org.testng.reporters.JUnitReportReporter -->
<testsuite hostname="HomePC" name="com.demo.learning.invokebrowser" tests="1" failures="0" timestamp="10 Feb 2019 01:56:44 GMT" time="15.891" errors="0">
  <testcase name="test" time="15.891" classname="com.demo.learning.invokebrowser"/>
</testsuite> <!-- com.demo.learning.invokebrowser -->
